<?xml version="1.0"?>
<!DOCTYPE coverage SYSTEM "https://raw.githubusercontent.com/cobertura/cobertura/master/cobertura/src/site/htdocs/xml/coverage-04.dtd">
<coverage 
line-rate="1.00" lines-covered="19" lines-valid="19" branches-covered="4" branches-valid="4" branch-rate="1.00" complexity="0" version="1.0" timestamp="1512295544730">
    <sources>
        <source>--source</source>
        <source>/Users/okamurakento/Desktop/Scala_workspace/scala-study/AppliedCourse/09/scala-fp/src/main/scala</source>
    </sources>
    <packages>
        <package name="&lt;empty&gt;" line-rate="1.00" branch-rate="1.00" complexity="0">
            <classes>
                <class name="Calc" filename="Calc.scala" line-rate="1.00" branch-rate="1.00" complexity="0">
                    <methods>
                        <method name="&lt;empty&gt;/Calc/isPrime" signature="()V" line-rate="1.00" branch-rate="1.00">
                            <lines>
                                <line number="19" hits="1" branch="false"/>
                                <line number="19" hits="1" branch="false"/>
                                <line number="19" hits="1" branch="false"/>
                                <line number="19" hits="1" branch="false"/>
                                <line number="19" hits="1" branch="false"/>
                                <line number="19" hits="1" branch="false"/>
                                <line number="19" hits="1" branch="false"/>
                                <line number="19" hits="1" branch="false"/>
                                <line number="19" hits="1" branch="false"/>
                            </lines>
                        </method>
                        <method name="&lt;empty&gt;/Calc/sum" signature="()V" line-rate="1.00" branch-rate="1.00">
                            <lines>
                                <line number="7" hits="1" branch="false"/>
                                <line number="7" hits="1" branch="false"/>
                                <line number="7" hits="1" branch="false"/>
                            </lines>
                        </method>
                        <method name="&lt;empty&gt;/Calc/div" signature="()V" line-rate="1.00" branch-rate="1.00">
                            <lines>
                                <line number="14" hits="1" branch="false"/>
                                <line number="14" hits="1" branch="false"/>
                                <line number="14" hits="1" branch="false"/>
                                <line number="14" hits="1" branch="false"/>
                                <line number="15" hits="1" branch="false"/>
                                <line number="15" hits="1" branch="false"/>
                                <line number="14" hits="1" branch="false"/>
                            </lines>
                        </method>
                    </methods>
                    <lines>
                        <line number="19" hits="1" branch="false"/>
                        <line number="14" hits="1" branch="false"/>
                        <line number="19" hits="1" branch="false"/>
                        <line number="7" hits="1" branch="false"/>
                        <line number="14" hits="1" branch="false"/>
                        <line number="19" hits="1" branch="false"/>
                        <line number="14" hits="1" branch="false"/>
                        <line number="19" hits="1" branch="false"/>
                        <line number="19" hits="1" branch="false"/>
                        <line number="14" hits="1" branch="false"/>
                        <line number="7" hits="1" branch="false"/>
                        <line number="15" hits="1" branch="false"/>
                        <line number="19" hits="1" branch="false"/>
                        <line number="15" hits="1" branch="false"/>
                        <line number="19" hits="1" branch="false"/>
                        <line number="19" hits="1" branch="false"/>
                        <line number="7" hits="1" branch="false"/>
                        <line number="14" hits="1" branch="false"/>
                        <line number="19" hits="1" branch="false"/>
                    </lines>
                </class>
            </classes>
        </package>
    </packages>
</coverage>
